Using pre-set license
Built from '2021.3/staging' branch; Version is '2021.3.19f1 (c9714fde33b6) revision 13201743'; Using compiler version '192829333'; Build Type 'Release'
OS: 'Windows 10  (10.0.19045) 64bit Enterprise' Language: 'en' Physical Memory: 32456 MB
BatchMode: 1, IsHumanControllingUs: 0, StartBugReporterOnCrash: 0, Is64bit: 1, IsPro: 1

COMMAND LINE ARGUMENTS:
C:\Program Files\Unity 2021.3.19f1\Editor\Unity.exe
-adb2
-batchMode
-noUpm
-name
AssetImportWorker4
-projectPath
C:/Users/reyne251/Documents/git projects/particals/Particle Systems
-logFile
Logs/AssetImportWorker4.log
-srvPort
51440
Successfully changed project path to: C:/Users/reyne251/Documents/git projects/particals/Particle Systems
C:/Users/reyne251/Documents/git projects/particals/Particle Systems
[UnityMemory] Configuration Parameters - Can be set up in boot.config
    "memorysetup-bucket-allocator-granularity=16"
    "memorysetup-bucket-allocator-bucket-count=8"
    "memorysetup-bucket-allocator-block-size=33554432"
    "memorysetup-bucket-allocator-block-count=8"
    "memorysetup-main-allocator-block-size=16777216"
    "memorysetup-thread-allocator-block-size=16777216"
    "memorysetup-gfx-main-allocator-block-size=16777216"
    "memorysetup-gfx-thread-allocator-block-size=16777216"
    "memorysetup-cache-allocator-block-size=4194304"
    "memorysetup-typetree-allocator-block-size=2097152"
    "memorysetup-profiler-bucket-allocator-granularity=16"
    "memorysetup-profiler-bucket-allocator-bucket-count=8"
    "memorysetup-profiler-bucket-allocator-block-size=33554432"
    "memorysetup-profiler-bucket-allocator-block-count=8"
    "memorysetup-profiler-allocator-block-size=16777216"
    "memorysetup-profiler-editor-allocator-block-size=1048576"
    "memorysetup-temp-allocator-size-main=16777216"
    "memorysetup-job-temp-allocator-block-size=2097152"
    "memorysetup-job-temp-allocator-block-size-background=1048576"
    "memorysetup-job-temp-allocator-reduction-small-platforms=262144"
    "memorysetup-temp-allocator-size-background-worker=32768"
    "memorysetup-temp-allocator-size-job-worker=262144"
    "memorysetup-temp-allocator-size-preload-manager=33554432"
    "memorysetup-temp-allocator-size-nav-mesh-worker=65536"
    "memorysetup-temp-allocator-size-audio-worker=65536"
    "memorysetup-temp-allocator-size-cloud-worker=32768"
    "memorysetup-temp-allocator-size-gi-baking-worker=262144"
    "memorysetup-temp-allocator-size-gfx=262144"
Player connection [10768] Host "[IP] 10.2.3.229 [Port] 0 [Flags] 2 [Guid] 1218979370 [EditorId] 1218979370 [Version] 1048832 [Id] WindowsEditor(7,CE105WD238886S) [Debug] 1 [PackageName] WindowsEditor [ProjectName] Editor" joined multi-casting on [225.0.0.222:54997]...

Player connection [10768] Host "[IP] 10.2.3.229 [Port] 0 [Flags] 2 [Guid] 1218979370 [EditorId] 1218979370 [Version] 1048832 [Id] WindowsEditor(7,CE105WD238886S) [Debug] 1 [PackageName] WindowsEditor [ProjectName] Editor" joined alternative multi-casting on [225.0.0.222:34997]...

Refreshing native plugins compatible for Editor in 22.40 ms, found 2 plugins.
Preloading 0 native plugins for Editor in 0.00 ms.
Initialize engine version: 2021.3.19f1 (c9714fde33b6)
[Subsystems] Discovering subsystems at path C:/Program Files/Unity 2021.3.19f1/Editor/Data/Resources/UnitySubsystems
[Subsystems] Discovering subsystems at path C:/Users/reyne251/Documents/git projects/particals/Particle Systems/Assets
GfxDevice: creating device client; threaded=0; jobified=0
Direct3D:
    Version:  Direct3D 11.0 [level 11.1]
    Renderer: Intel(R) UHD Graphics (ID=0xa780)
    Vendor:   Intel
    VRAM:     16228 MB
    Driver:   31.0.101.3302
Initialize mono
Mono path[0] = 'C:/Program Files/Unity 2021.3.19f1/Editor/Data/Managed'
Mono path[1] = 'C:/Program Files/Unity 2021.3.19f1/Editor/Data/MonoBleedingEdge/lib/mono/unityjit-win32'
Mono config path = 'C:/Program Files/Unity 2021.3.19f1/Editor/Data/MonoBleedingEdge/etc'
Using monoOptions --debugger-agent=transport=dt_socket,embedding=1,server=y,suspend=n,address=127.0.0.1:56968
Begin MonoManager ReloadAssembly
Registering precompiled unity dll's ...
Register platform support module: C:/Program Files/Unity 2021.3.19f1/Editor/Data/PlaybackEngines/WebGLSupport/UnityEditor.WebGL.Extensions.dll
Register platform support module: C:/Program Files/Unity 2021.3.19f1/Editor/Data/PlaybackEngines/WindowsStandaloneSupport/UnityEditor.WindowsStandalone.Extensions.dll
Register platform support module: C:/Program Files/Unity 2021.3.19f1/Editor/Data/PlaybackEngines/MetroSupport/UnityEditor.UWP.Extensions.dll
Registered in 0.004924 seconds.
Native extension for UWP target not found
Native extension for WindowsStandalone target not found
Native extension for WebGL target not found
Refreshing native plugins compatible for Editor in 20.74 ms, found 2 plugins.
Preloading 0 native plugins for Editor in 0.00 ms.
Mono: successfully reloaded assembly
- Completed reload, in  0.570 seconds
Domain Reload Profiling:
	ReloadAssembly (571ms)
		BeginReloadAssembly (72ms)
			ExecutionOrderSort (0ms)
			DisableScriptedObjects (0ms)
			BackupInstance (0ms)
			ReleaseScriptingObjects (0ms)
			CreateAndSetChildDomain (1ms)
		EndReloadAssembly (399ms)
			LoadAssemblies (71ms)
			RebuildTransferFunctionScriptingTraits (0ms)
			SetupTypeCache (97ms)
			ReleaseScriptCaches (0ms)
			RebuildScriptCaches (26ms)
			SetupLoadedEditorAssemblies (225ms)
				LogAssemblyErrors (0ms)
				InitializePlatformSupportModulesInManaged (9ms)
				SetLoadedEditorAssemblies (0ms)
				RefreshPlugins (21ms)
				BeforeProcessingInitializeOnLoad (1ms)
				ProcessInitializeOnLoadAttributes (144ms)
				ProcessInitializeOnLoadMethodAttributes (50ms)
				AfterProcessingInitializeOnLoad (0ms)
				EditorAssembliesLoaded (0ms)
			ExecutionOrderSort2 (0ms)
			AwakeInstancesAfterBackupRestoration (0ms)
Platform modules already initialized, skipping
Registering precompiled user dll's ...
Registered in 0.002960 seconds.
Begin MonoManager ReloadAssembly
Native extension for UWP target not found
Native extension for WindowsStandalone target not found
Native extension for WebGL target not found
Refreshing native plugins compatible for Editor in 0.39 ms, found 2 plugins.
Preloading 0 native plugins for Editor in 0.00 ms.
Mono: successfully reloaded assembly
- Completed reload, in  0.716 seconds
Domain Reload Profiling:
	ReloadAssembly (716ms)
		BeginReloadAssembly (89ms)
			ExecutionOrderSort (0ms)
			DisableScriptedObjects (5ms)
			BackupInstance (0ms)
			ReleaseScriptingObjects (0ms)
			CreateAndSetChildDomain (18ms)
		EndReloadAssembly (525ms)
			LoadAssemblies (55ms)
			RebuildTransferFunctionScriptingTraits (0ms)
			SetupTypeCache (142ms)
			ReleaseScriptCaches (0ms)
			RebuildScriptCaches (36ms)
			SetupLoadedEditorAssemblies (250ms)
				LogAssemblyErrors (0ms)
				InitializePlatformSupportModulesInManaged (6ms)
				SetLoadedEditorAssemblies (0ms)
				RefreshPlugins (0ms)
				BeforeProcessingInitializeOnLoad (39ms)
				ProcessInitializeOnLoadAttributes (181ms)
				ProcessInitializeOnLoadMethodAttributes (17ms)
				AfterProcessingInitializeOnLoad (5ms)
				EditorAssembliesLoaded (0ms)
			ExecutionOrderSort2 (0ms)
			AwakeInstancesAfterBackupRestoration (9ms)
Platform modules already initialized, skipping
========================================================================
Worker process is ready to serve import requests
Launched and connected shader compiler UnityShaderCompiler.exe after 0.06 seconds
Refreshing native plugins compatible for Editor in 0.18 ms, found 2 plugins.
Preloading 0 native plugins for Editor in 0.00 ms.
Unloading 1342 Unused Serialized files (Serialized files now loaded: 0)
Unloading 16 unused Assets / (56.8 KB). Loaded Objects now: 1836.
Memory consumption went from 154.7 MB to 154.7 MB.
Total: 1.617700 ms (FindLiveObjects: 0.072800 ms CreateObjectMapping: 0.017500 ms MarkObjects: 1.475100 ms  DeleteObjects: 0.051700 ms)

AssetImportParameters requested are different than current active one (requested -> active):
  custom:video-decoder-ogg-theora: a1e56fd34408186e4bbccfd4996cb3dc -> 
  custom:container-muxer-webm: aa71ff27fc2769a1b78a27578f13a17b -> 
  custom:container-demuxer-webm: 4f35f7cbe854078d1ac9338744f61a02 -> 
  custom:video-encoder-webm-vp8: eb34c28f22e8b96e1ab97ce403110664 -> 
  custom:audio-encoder-webm-vorbis: bf7c407c2cedff20999df2af8eb42d56 -> 
  custom:framework-win-MediaFoundation: 216162199b28c13a410421893ffa2e32 -> 
  custom:container-demuxer-ogg: 62fdf1f143b41e24485cea50d1cbac27 -> 
  custom:video-decoder-webm-vp8: 9c59270c3fd7afecdb556c50c9e8de78 -> 
  custom:audio-decoder-ogg-vorbis: bf7c407c2cedff20999df2af8eb42d56 -> 
========================================================================
Received Prepare
Registering precompiled user dll's ...
Registered in 0.003305 seconds.
Begin MonoManager ReloadAssembly
Native extension for UWP target not found
Native extension for WindowsStandalone target not found
Native extension for WebGL target not found
Refreshing native plugins compatible for Editor in 0.35 ms, found 2 plugins.
Preloading 0 native plugins for Editor in 0.00 ms.
Mono: successfully reloaded assembly
- Completed reload, in  0.726 seconds
Domain Reload Profiling:
	ReloadAssembly (727ms)
		BeginReloadAssembly (92ms)
			ExecutionOrderSort (0ms)
			DisableScriptedObjects (6ms)
			BackupInstance (0ms)
			ReleaseScriptingObjects (0ms)
			CreateAndSetChildDomain (23ms)
		EndReloadAssembly (553ms)
			LoadAssemblies (51ms)
			RebuildTransferFunctionScriptingTraits (0ms)
			SetupTypeCache (146ms)
			ReleaseScriptCaches (1ms)
			RebuildScriptCaches (34ms)
			SetupLoadedEditorAssemblies (268ms)
				LogAssemblyErrors (0ms)
				InitializePlatformSupportModulesInManaged (15ms)
				SetLoadedEditorAssemblies (0ms)
				RefreshPlugins (0ms)
				BeforeProcessingInitializeOnLoad (40ms)
				ProcessInitializeOnLoadAttributes (188ms)
				ProcessInitializeOnLoadMethodAttributes (18ms)
				AfterProcessingInitializeOnLoad (6ms)
				EditorAssembliesLoaded (0ms)
			ExecutionOrderSort2 (0ms)
			AwakeInstancesAfterBackupRestoration (9ms)
Platform modules already initialized, skipping
Refreshing native plugins compatible for Editor in 1.31 ms, found 2 plugins.
Preloading 0 native plugins for Editor in 0.00 ms.
Unloading 1336 Unused Serialized files (Serialized files now loaded: 0)
Unloading 9 unused Assets / (24.6 KB). Loaded Objects now: 1839.
Memory consumption went from 154.4 MB to 154.4 MB.
Total: 2.286800 ms (FindLiveObjects: 0.125800 ms CreateObjectMapping: 0.033700 ms MarkObjects: 2.108900 ms  DeleteObjects: 0.017700 ms)

AssetImportParameters requested are different than current active one (requested -> active):
  custom:video-decoder-ogg-theora: a1e56fd34408186e4bbccfd4996cb3dc -> 
  custom:container-muxer-webm: aa71ff27fc2769a1b78a27578f13a17b -> 
  custom:container-demuxer-webm: 4f35f7cbe854078d1ac9338744f61a02 -> 
  custom:video-encoder-webm-vp8: eb34c28f22e8b96e1ab97ce403110664 -> 
  custom:audio-encoder-webm-vorbis: bf7c407c2cedff20999df2af8eb42d56 -> 
  custom:framework-win-MediaFoundation: 216162199b28c13a410421893ffa2e32 -> 
  custom:container-demuxer-ogg: 62fdf1f143b41e24485cea50d1cbac27 -> 
  custom:video-decoder-webm-vp8: 9c59270c3fd7afecdb556c50c9e8de78 -> 
  custom:audio-decoder-ogg-vorbis: bf7c407c2cedff20999df2af8eb42d56 -> 
========================================================================
Received Prepare
Registering precompiled user dll's ...
Registered in 0.003262 seconds.
Begin MonoManager ReloadAssembly
Native extension for UWP target not found
Native extension for WindowsStandalone target not found
Native extension for WebGL target not found
Refreshing native plugins compatible for Editor in 0.36 ms, found 2 plugins.
Preloading 0 native plugins for Editor in 0.00 ms.
Mono: successfully reloaded assembly
- Completed reload, in  0.739 seconds
Domain Reload Profiling:
	ReloadAssembly (740ms)
		BeginReloadAssembly (109ms)
			ExecutionOrderSort (0ms)
			DisableScriptedObjects (5ms)
			BackupInstance (0ms)
			ReleaseScriptingObjects (0ms)
			CreateAndSetChildDomain (24ms)
		EndReloadAssembly (547ms)
			LoadAssemblies (67ms)
			RebuildTransferFunctionScriptingTraits (0ms)
			SetupTypeCache (145ms)
			ReleaseScriptCaches (1ms)
			RebuildScriptCaches (34ms)
			SetupLoadedEditorAssemblies (264ms)
				LogAssemblyErrors (0ms)
				InitializePlatformSupportModulesInManaged (16ms)
				SetLoadedEditorAssemblies (0ms)
				RefreshPlugins (0ms)
				BeforeProcessingInitializeOnLoad (40ms)
				ProcessInitializeOnLoadAttributes (183ms)
				ProcessInitializeOnLoadMethodAttributes (19ms)
				AfterProcessingInitializeOnLoad (6ms)
				EditorAssembliesLoaded (0ms)
			ExecutionOrderSort2 (0ms)
			AwakeInstancesAfterBackupRestoration (9ms)
Platform modules already initialized, skipping
Refreshing native plugins compatible for Editor in 1.17 ms, found 2 plugins.
Preloading 0 native plugins for Editor in 0.00 ms.
Unloading 1336 Unused Serialized files (Serialized files now loaded: 0)
Unloading 9 unused Assets / (24.6 KB). Loaded Objects now: 1842.
Memory consumption went from 154.4 MB to 154.3 MB.
Total: 2.214600 ms (FindLiveObjects: 0.135500 ms CreateObjectMapping: 0.032600 ms MarkObjects: 2.032900 ms  DeleteObjects: 0.013200 ms)

AssetImportParameters requested are different than current active one (requested -> active):
  custom:video-decoder-ogg-theora: a1e56fd34408186e4bbccfd4996cb3dc -> 
  custom:container-muxer-webm: aa71ff27fc2769a1b78a27578f13a17b -> 
  custom:container-demuxer-webm: 4f35f7cbe854078d1ac9338744f61a02 -> 
  custom:video-encoder-webm-vp8: eb34c28f22e8b96e1ab97ce403110664 -> 
  custom:audio-encoder-webm-vorbis: bf7c407c2cedff20999df2af8eb42d56 -> 
  custom:framework-win-MediaFoundation: 216162199b28c13a410421893ffa2e32 -> 
  custom:container-demuxer-ogg: 62fdf1f143b41e24485cea50d1cbac27 -> 
  custom:video-decoder-webm-vp8: 9c59270c3fd7afecdb556c50c9e8de78 -> 
  custom:audio-decoder-ogg-vorbis: bf7c407c2cedff20999df2af8eb42d56 -> 
========================================================================
Received Prepare
Registering precompiled user dll's ...
Registered in 0.003122 seconds.
Begin MonoManager ReloadAssembly
Native extension for UWP target not found
Native extension for WindowsStandalone target not found
Native extension for WebGL target not found
Refreshing native plugins compatible for Editor in 0.37 ms, found 2 plugins.
Preloading 0 native plugins for Editor in 0.00 ms.
Mono: successfully reloaded assembly
- Completed reload, in  0.731 seconds
Domain Reload Profiling:
	ReloadAssembly (732ms)
		BeginReloadAssembly (102ms)
			ExecutionOrderSort (0ms)
			DisableScriptedObjects (5ms)
			BackupInstance (0ms)
			ReleaseScriptingObjects (0ms)
			CreateAndSetChildDomain (23ms)
		EndReloadAssembly (548ms)
			LoadAssemblies (62ms)
			RebuildTransferFunctionScriptingTraits (0ms)
			SetupTypeCache (144ms)
			ReleaseScriptCaches (1ms)
			RebuildScriptCaches (34ms)
			SetupLoadedEditorAssemblies (265ms)
				LogAssemblyErrors (0ms)
				InitializePlatformSupportModulesInManaged (15ms)
				SetLoadedEditorAssemblies (1ms)
				RefreshPlugins (0ms)
				BeforeProcessingInitializeOnLoad (41ms)
				ProcessInitializeOnLoadAttributes (184ms)
				ProcessInitializeOnLoadMethodAttributes (18ms)
				AfterProcessingInitializeOnLoad (6ms)
				EditorAssembliesLoaded (0ms)
			ExecutionOrderSort2 (0ms)
			AwakeInstancesAfterBackupRestoration (9ms)
Platform modules already initialized, skipping
Refreshing native plugins compatible for Editor in 1.30 ms, found 2 plugins.
Preloading 0 native plugins for Editor in 0.00 ms.
Unloading 1336 Unused Serialized files (Serialized files now loaded: 0)
Unloading 9 unused Assets / (24.7 KB). Loaded Objects now: 1845.
Memory consumption went from 154.4 MB to 154.3 MB.
Total: 2.095200 ms (FindLiveObjects: 0.125200 ms CreateObjectMapping: 0.032200 ms MarkObjects: 1.925600 ms  DeleteObjects: 0.011300 ms)

AssetImportParameters requested are different than current active one (requested -> active):
  custom:video-decoder-ogg-theora: a1e56fd34408186e4bbccfd4996cb3dc -> 
  custom:container-muxer-webm: aa71ff27fc2769a1b78a27578f13a17b -> 
  custom:container-demuxer-webm: 4f35f7cbe854078d1ac9338744f61a02 -> 
  custom:video-encoder-webm-vp8: eb34c28f22e8b96e1ab97ce403110664 -> 
  custom:audio-encoder-webm-vorbis: bf7c407c2cedff20999df2af8eb42d56 -> 
  custom:framework-win-MediaFoundation: 216162199b28c13a410421893ffa2e32 -> 
  custom:container-demuxer-ogg: 62fdf1f143b41e24485cea50d1cbac27 -> 
  custom:video-decoder-webm-vp8: 9c59270c3fd7afecdb556c50c9e8de78 -> 
  custom:audio-decoder-ogg-vorbis: bf7c407c2cedff20999df2af8eb42d56 -> 
========================================================================
Received Prepare
Registering precompiled user dll's ...
Registered in 0.003281 seconds.
Begin MonoManager ReloadAssembly
Native extension for UWP target not found
Native extension for WindowsStandalone target not found
Native extension for WebGL target not found
Refreshing native plugins compatible for Editor in 0.38 ms, found 2 plugins.
Preloading 0 native plugins for Editor in 0.00 ms.
Mono: successfully reloaded assembly
- Completed reload, in  0.728 seconds
Domain Reload Profiling:
	ReloadAssembly (728ms)
		BeginReloadAssembly (102ms)
			ExecutionOrderSort (0ms)
			DisableScriptedObjects (5ms)
			BackupInstance (0ms)
			ReleaseScriptingObjects (0ms)
			CreateAndSetChildDomain (24ms)
		EndReloadAssembly (545ms)
			LoadAssemblies (60ms)
			RebuildTransferFunctionScriptingTraits (0ms)
			SetupTypeCache (143ms)
			ReleaseScriptCaches (1ms)
			RebuildScriptCaches (35ms)
			SetupLoadedEditorAssemblies (262ms)
				LogAssemblyErrors (0ms)
				InitializePlatformSupportModulesInManaged (16ms)
				SetLoadedEditorAssemblies (0ms)
				RefreshPlugins (0ms)
				BeforeProcessingInitializeOnLoad (39ms)
				ProcessInitializeOnLoadAttributes (183ms)
				ProcessInitializeOnLoadMethodAttributes (18ms)
				AfterProcessingInitializeOnLoad (6ms)
				EditorAssembliesLoaded (0ms)
			ExecutionOrderSort2 (0ms)
			AwakeInstancesAfterBackupRestoration (9ms)
Platform modules already initialized, skipping
Refreshing native plugins compatible for Editor in 1.21 ms, found 2 plugins.
Preloading 0 native plugins for Editor in 0.00 ms.
Unloading 1336 Unused Serialized files (Serialized files now loaded: 0)
Unloading 9 unused Assets / (24.6 KB). Loaded Objects now: 1848.
Memory consumption went from 154.4 MB to 154.3 MB.
Total: 2.147500 ms (FindLiveObjects: 0.120200 ms CreateObjectMapping: 0.030400 ms MarkObjects: 1.983600 ms  DeleteObjects: 0.012800 ms)

AssetImportParameters requested are different than current active one (requested -> active):
  custom:video-decoder-ogg-theora: a1e56fd34408186e4bbccfd4996cb3dc -> 
  custom:container-muxer-webm: aa71ff27fc2769a1b78a27578f13a17b -> 
  custom:container-demuxer-webm: 4f35f7cbe854078d1ac9338744f61a02 -> 
  custom:video-encoder-webm-vp8: eb34c28f22e8b96e1ab97ce403110664 -> 
  custom:audio-encoder-webm-vorbis: bf7c407c2cedff20999df2af8eb42d56 -> 
  custom:framework-win-MediaFoundation: 216162199b28c13a410421893ffa2e32 -> 
  custom:container-demuxer-ogg: 62fdf1f143b41e24485cea50d1cbac27 -> 
  custom:video-decoder-webm-vp8: 9c59270c3fd7afecdb556c50c9e8de78 -> 
  custom:audio-decoder-ogg-vorbis: bf7c407c2cedff20999df2af8eb42d56 -> 
========================================================================
Received Prepare
Registering precompiled user dll's ...
Registered in 0.003048 seconds.
Begin MonoManager ReloadAssembly
Native extension for UWP target not found
Native extension for WindowsStandalone target not found
Native extension for WebGL target not found
Refreshing native plugins compatible for Editor in 0.27 ms, found 2 plugins.
Preloading 0 native plugins for Editor in 0.00 ms.
Mono: successfully reloaded assembly
- Completed reload, in  0.727 seconds
Domain Reload Profiling:
	ReloadAssembly (728ms)
		BeginReloadAssembly (106ms)
			ExecutionOrderSort (0ms)
			DisableScriptedObjects (5ms)
			BackupInstance (0ms)
			ReleaseScriptingObjects (0ms)
			CreateAndSetChildDomain (24ms)
		EndReloadAssembly (541ms)
			LoadAssemblies (65ms)
			RebuildTransferFunctionScriptingTraits (0ms)
			SetupTypeCache (142ms)
			ReleaseScriptCaches (1ms)
			RebuildScriptCaches (33ms)
			SetupLoadedEditorAssemblies (263ms)
				LogAssemblyErrors (0ms)
				InitializePlatformSupportModulesInManaged (15ms)
				SetLoadedEditorAssemblies (0ms)
				RefreshPlugins (0ms)
				BeforeProcessingInitializeOnLoad (39ms)
				ProcessInitializeOnLoadAttributes (184ms)
				ProcessInitializeOnLoadMethodAttributes (19ms)
				AfterProcessingInitializeOnLoad (6ms)
				EditorAssembliesLoaded (0ms)
			ExecutionOrderSort2 (0ms)
			AwakeInstancesAfterBackupRestoration (9ms)
Platform modules already initialized, skipping
Refreshing native plugins compatible for Editor in 1.20 ms, found 2 plugins.
Preloading 0 native plugins for Editor in 0.00 ms.
Unloading 1336 Unused Serialized files (Serialized files now loaded: 0)
Unloading 9 unused Assets / (24.6 KB). Loaded Objects now: 1851.
Memory consumption went from 154.4 MB to 154.3 MB.
Total: 2.119200 ms (FindLiveObjects: 0.126100 ms CreateObjectMapping: 0.031900 ms MarkObjects: 1.948000 ms  DeleteObjects: 0.012400 ms)

AssetImportParameters requested are different than current active one (requested -> active):
  custom:video-decoder-ogg-theora: a1e56fd34408186e4bbccfd4996cb3dc -> 
  custom:container-muxer-webm: aa71ff27fc2769a1b78a27578f13a17b -> 
  custom:container-demuxer-webm: 4f35f7cbe854078d1ac9338744f61a02 -> 
  custom:video-encoder-webm-vp8: eb34c28f22e8b96e1ab97ce403110664 -> 
  custom:audio-encoder-webm-vorbis: bf7c407c2cedff20999df2af8eb42d56 -> 
  custom:framework-win-MediaFoundation: 216162199b28c13a410421893ffa2e32 -> 
  custom:container-demuxer-ogg: 62fdf1f143b41e24485cea50d1cbac27 -> 
  custom:video-decoder-webm-vp8: 9c59270c3fd7afecdb556c50c9e8de78 -> 
  custom:audio-decoder-ogg-vorbis: bf7c407c2cedff20999df2af8eb42d56 -> 
========================================================================
Received Prepare
Registering precompiled user dll's ...
Registered in 0.003206 seconds.
Begin MonoManager ReloadAssembly
Native extension for UWP target not found
Native extension for WindowsStandalone target not found
Native extension for WebGL target not found
Refreshing native plugins compatible for Editor in 0.36 ms, found 2 plugins.
Preloading 0 native plugins for Editor in 0.00 ms.
Mono: successfully reloaded assembly
- Completed reload, in  0.730 seconds
Domain Reload Profiling:
	ReloadAssembly (730ms)
		BeginReloadAssembly (100ms)
			ExecutionOrderSort (0ms)
			DisableScriptedObjects (5ms)
			BackupInstance (0ms)
			ReleaseScriptingObjects (0ms)
			CreateAndSetChildDomain (23ms)
		EndReloadAssembly (548ms)
			LoadAssemblies (60ms)
			RebuildTransferFunctionScriptingTraits (0ms)
			SetupTypeCache (148ms)
			ReleaseScriptCaches (1ms)
			RebuildScriptCaches (34ms)
			SetupLoadedEditorAssemblies (263ms)
				LogAssemblyErrors (0ms)
				InitializePlatformSupportModulesInManaged (15ms)
				SetLoadedEditorAssemblies (0ms)
				RefreshPlugins (0ms)
				BeforeProcessingInitializeOnLoad (39ms)
				ProcessInitializeOnLoadAttributes (183ms)
				ProcessInitializeOnLoadMethodAttributes (18ms)
				AfterProcessingInitializeOnLoad (6ms)
				EditorAssembliesLoaded (0ms)
			ExecutionOrderSort2 (0ms)
			AwakeInstancesAfterBackupRestoration (9ms)
Platform modules already initialized, skipping
Refreshing native plugins compatible for Editor in 1.17 ms, found 2 plugins.
Preloading 0 native plugins for Editor in 0.00 ms.
Unloading 1336 Unused Serialized files (Serialized files now loaded: 0)
Unloading 9 unused Assets / (24.6 KB). Loaded Objects now: 1854.
Memory consumption went from 154.4 MB to 154.4 MB.
Total: 2.144500 ms (FindLiveObjects: 0.117700 ms CreateObjectMapping: 0.031300 ms MarkObjects: 1.984800 ms  DeleteObjects: 0.010100 ms)

AssetImportParameters requested are different than current active one (requested -> active):
  custom:video-decoder-ogg-theora: a1e56fd34408186e4bbccfd4996cb3dc -> 
  custom:container-muxer-webm: aa71ff27fc2769a1b78a27578f13a17b -> 
  custom:container-demuxer-webm: 4f35f7cbe854078d1ac9338744f61a02 -> 
  custom:video-encoder-webm-vp8: eb34c28f22e8b96e1ab97ce403110664 -> 
  custom:audio-encoder-webm-vorbis: bf7c407c2cedff20999df2af8eb42d56 -> 
  custom:framework-win-MediaFoundation: 216162199b28c13a410421893ffa2e32 -> 
  custom:container-demuxer-ogg: 62fdf1f143b41e24485cea50d1cbac27 -> 
  custom:video-decoder-webm-vp8: 9c59270c3fd7afecdb556c50c9e8de78 -> 
  custom:audio-decoder-ogg-vorbis: bf7c407c2cedff20999df2af8eb42d56 -> 
========================================================================
Received Prepare
Registering precompiled user dll's ...
Registered in 0.003282 seconds.
Begin MonoManager ReloadAssembly
Native extension for UWP target not found
Native extension for WindowsStandalone target not found
Native extension for WebGL target not found
Refreshing native plugins compatible for Editor in 0.38 ms, found 2 plugins.
Preloading 0 native plugins for Editor in 0.00 ms.
Mono: successfully reloaded assembly
- Completed reload, in  0.797 seconds
Domain Reload Profiling:
	ReloadAssembly (798ms)
		BeginReloadAssembly (109ms)
			ExecutionOrderSort (0ms)
			DisableScriptedObjects (5ms)
			BackupInstance (0ms)
			ReleaseScriptingObjects (0ms)
			CreateAndSetChildDomain (23ms)
		EndReloadAssembly (607ms)
			LoadAssemblies (67ms)
			RebuildTransferFunctionScriptingTraits (0ms)
			SetupTypeCache (147ms)
			ReleaseScriptCaches (1ms)
			RebuildScriptCaches (37ms)
			SetupLoadedEditorAssemblies (307ms)
				LogAssemblyErrors (0ms)
				InitializePlatformSupportModulesInManaged (18ms)
				SetLoadedEditorAssemblies (1ms)
				RefreshPlugins (0ms)
				BeforeProcessingInitializeOnLoad (44ms)
				ProcessInitializeOnLoadAttributes (216ms)
				ProcessInitializeOnLoadMethodAttributes (21ms)
				AfterProcessingInitializeOnLoad (7ms)
				EditorAssembliesLoaded (0ms)
			ExecutionOrderSort2 (0ms)
			AwakeInstancesAfterBackupRestoration (11ms)
Platform modules already initialized, skipping
Refreshing native plugins compatible for Editor in 1.44 ms, found 2 plugins.
Preloading 0 native plugins for Editor in 0.00 ms.
Unloading 1336 Unused Serialized files (Serialized files now loaded: 0)
Unloading 9 unused Assets / (24.6 KB). Loaded Objects now: 1857.
Memory consumption went from 154.4 MB to 154.4 MB.
Total: 2.365300 ms (FindLiveObjects: 0.139200 ms CreateObjectMapping: 0.035400 ms MarkObjects: 2.179300 ms  DeleteObjects: 0.010100 ms)

AssetImportParameters requested are different than current active one (requested -> active):
  custom:video-decoder-ogg-theora: a1e56fd34408186e4bbccfd4996cb3dc -> 
  custom:container-muxer-webm: aa71ff27fc2769a1b78a27578f13a17b -> 
  custom:container-demuxer-webm: 4f35f7cbe854078d1ac9338744f61a02 -> 
  custom:video-encoder-webm-vp8: eb34c28f22e8b96e1ab97ce403110664 -> 
  custom:audio-encoder-webm-vorbis: bf7c407c2cedff20999df2af8eb42d56 -> 
  custom:framework-win-MediaFoundation: 216162199b28c13a410421893ffa2e32 -> 
  custom:container-demuxer-ogg: 62fdf1f143b41e24485cea50d1cbac27 -> 
  custom:video-decoder-webm-vp8: 9c59270c3fd7afecdb556c50c9e8de78 -> 
  custom:audio-decoder-ogg-vorbis: bf7c407c2cedff20999df2af8eb42d56 -> 
========================================================================
Received Prepare
Registering precompiled user dll's ...
Registered in 0.003314 seconds.
Begin MonoManager ReloadAssembly
Native extension for UWP target not found
Native extension for WindowsStandalone target not found
Native extension for WebGL target not found
Refreshing native plugins compatible for Editor in 0.38 ms, found 2 plugins.
Preloading 0 native plugins for Editor in 0.00 ms.
Mono: successfully reloaded assembly
- Completed reload, in  0.761 seconds
Domain Reload Profiling:
	ReloadAssembly (761ms)
		BeginReloadAssembly (112ms)
			ExecutionOrderSort (0ms)
			DisableScriptedObjects (6ms)
			BackupInstance (0ms)
			ReleaseScriptingObjects (0ms)
			CreateAndSetChildDomain (24ms)
		EndReloadAssembly (567ms)
			LoadAssemblies (69ms)
			RebuildTransferFunctionScriptingTraits (0ms)
			SetupTypeCache (145ms)
			ReleaseScriptCaches (1ms)
			RebuildScriptCaches (34ms)
			SetupLoadedEditorAssemblies (280ms)
				LogAssemblyErrors (0ms)
				InitializePlatformSupportModulesInManaged (16ms)
				SetLoadedEditorAssemblies (0ms)
				RefreshPlugins (0ms)
				BeforeProcessingInitializeOnLoad (39ms)
				ProcessInitializeOnLoadAttributes (197ms)
				ProcessInitializeOnLoadMethodAttributes (20ms)
				AfterProcessingInitializeOnLoad (7ms)
				EditorAssembliesLoaded (0ms)
			ExecutionOrderSort2 (0ms)
			AwakeInstancesAfterBackupRestoration (10ms)
Platform modules already initialized, skipping
Refreshing native plugins compatible for Editor in 1.40 ms, found 2 plugins.
Preloading 0 native plugins for Editor in 0.00 ms.
Unloading 1336 Unused Serialized files (Serialized files now loaded: 0)
Unloading 9 unused Assets / (24.7 KB). Loaded Objects now: 1860.
Memory consumption went from 154.4 MB to 154.4 MB.
Total: 2.442900 ms (FindLiveObjects: 0.134400 ms CreateObjectMapping: 0.032700 ms MarkObjects: 2.261500 ms  DeleteObjects: 0.013700 ms)

AssetImportParameters requested are different than current active one (requested -> active):
  custom:video-decoder-ogg-theora: a1e56fd34408186e4bbccfd4996cb3dc -> 
  custom:container-muxer-webm: aa71ff27fc2769a1b78a27578f13a17b -> 
  custom:container-demuxer-webm: 4f35f7cbe854078d1ac9338744f61a02 -> 
  custom:video-encoder-webm-vp8: eb34c28f22e8b96e1ab97ce403110664 -> 
  custom:audio-encoder-webm-vorbis: bf7c407c2cedff20999df2af8eb42d56 -> 
  custom:framework-win-MediaFoundation: 216162199b28c13a410421893ffa2e32 -> 
  custom:container-demuxer-ogg: 62fdf1f143b41e24485cea50d1cbac27 -> 
  custom:video-decoder-webm-vp8: 9c59270c3fd7afecdb556c50c9e8de78 -> 
  custom:audio-decoder-ogg-vorbis: bf7c407c2cedff20999df2af8eb42d56 -> 
========================================================================
Received Prepare
Registering precompiled user dll's ...
Registered in 0.003459 seconds.
Begin MonoManager ReloadAssembly
Native extension for UWP target not found
Native extension for WindowsStandalone target not found
Native extension for WebGL target not found
Refreshing native plugins compatible for Editor in 0.35 ms, found 2 plugins.
Preloading 0 native plugins for Editor in 0.00 ms.
Mono: successfully reloaded assembly
- Completed reload, in  0.724 seconds
Domain Reload Profiling:
	ReloadAssembly (725ms)
		BeginReloadAssembly (98ms)
			ExecutionOrderSort (0ms)
			DisableScriptedObjects (5ms)
			BackupInstance (0ms)
			ReleaseScriptingObjects (0ms)
			CreateAndSetChildDomain (24ms)
		EndReloadAssembly (546ms)
			LoadAssemblies (57ms)
			RebuildTransferFunctionScriptingTraits (0ms)
			SetupTypeCache (142ms)
			ReleaseScriptCaches (1ms)
			RebuildScriptCaches (34ms)
			SetupLoadedEditorAssemblies (264ms)
				LogAssemblyErrors (0ms)
				InitializePlatformSupportModulesInManaged (15ms)
				SetLoadedEditorAssemblies (0ms)
				RefreshPlugins (0ms)
				BeforeProcessingInitializeOnLoad (40ms)
				ProcessInitializeOnLoadAttributes (184ms)
				ProcessInitializeOnLoadMethodAttributes (18ms)
				AfterProcessingInitializeOnLoad (6ms)
				EditorAssembliesLoaded (0ms)
			ExecutionOrderSort2 (0ms)
			AwakeInstancesAfterBackupRestoration (9ms)
Platform modules already initialized, skipping
Refreshing native plugins compatible for Editor in 1.22 ms, found 2 plugins.
Preloading 0 native plugins for Editor in 0.00 ms.
Unloading 1336 Unused Serialized files (Serialized files now loaded: 0)
Unloading 9 unused Assets / (24.6 KB). Loaded Objects now: 1863.
Memory consumption went from 154.4 MB to 154.4 MB.
Total: 2.157200 ms (FindLiveObjects: 0.130500 ms CreateObjectMapping: 0.032000 ms MarkObjects: 1.983100 ms  DeleteObjects: 0.011000 ms)

AssetImportParameters requested are different than current active one (requested -> active):
  custom:video-decoder-ogg-theora: a1e56fd34408186e4bbccfd4996cb3dc -> 
  custom:container-muxer-webm: aa71ff27fc2769a1b78a27578f13a17b -> 
  custom:container-demuxer-webm: 4f35f7cbe854078d1ac9338744f61a02 -> 
  custom:video-encoder-webm-vp8: eb34c28f22e8b96e1ab97ce403110664 -> 
  custom:audio-encoder-webm-vorbis: bf7c407c2cedff20999df2af8eb42d56 -> 
  custom:framework-win-MediaFoundation: 216162199b28c13a410421893ffa2e32 -> 
  custom:container-demuxer-ogg: 62fdf1f143b41e24485cea50d1cbac27 -> 
  custom:video-decoder-webm-vp8: 9c59270c3fd7afecdb556c50c9e8de78 -> 
  custom:audio-decoder-ogg-vorbis: bf7c407c2cedff20999df2af8eb42d56 -> 
========================================================================
Received Import Request.
  Time since last request: 13095.437682 seconds.
  path: Assets/Garbage Truck
  artifactKey: Guid(4532a15d1402145408891e7a725b0e92) Importer(815301076,1909f56bfc062723c751e8b465ee728b)
Start importing Assets/Garbage Truck using Guid(4532a15d1402145408891e7a725b0e92) Importer(815301076,1909f56bfc062723c751e8b465ee728b)  -> (artifact id: 'ad002c82f9798a9964f38a9b5194f6c4') in 0.011694 seconds 
========================================================================
Received Import Request.
  Time since last request: 1.079948 seconds.
  path: Assets/Garbage Truck/Materials
  artifactKey: Guid(8f76b8c5b61c3874bbc822ebadc65516) Importer(815301076,1909f56bfc062723c751e8b465ee728b)
Start importing Assets/Garbage Truck/Materials using Guid(8f76b8c5b61c3874bbc822ebadc65516) Importer(815301076,1909f56bfc062723c751e8b465ee728b)  -> (artifact id: '805b9e8d6614530f2d4d4364afb6f4af') in 0.008291 seconds 
========================================================================
Received Import Request.
  Time since last request: 206.889065 seconds.
  path: Assets/NewSurfaceShader.shader
  artifactKey: Guid(2453e377dfa5d7d40aab4025b0ffe486) Importer(815301076,1909f56bfc062723c751e8b465ee728b)
Start importing Assets/NewSurfaceShader.shader using Guid(2453e377dfa5d7d40aab4025b0ffe486) Importer(815301076,1909f56bfc062723c751e8b465ee728b)  -> (artifact id: '801eee3c55d74f96e36f6fb4b1c9a9c1') in 0.049282 seconds 
========================================================================
Received Import Request.
  Time since last request: 17.687531 seconds.
  path: Assets/Landscape/Materials
  artifactKey: Guid(e2321cdfd89eb8c40ac4f567a1a872ec) Importer(815301076,1909f56bfc062723c751e8b465ee728b)
Start importing Assets/Landscape/Materials using Guid(e2321cdfd89eb8c40ac4f567a1a872ec) Importer(815301076,1909f56bfc062723c751e8b465ee728b)  -> (artifact id: '8f3f9782f27d146fa219efa5b1cd7928') in 0.002606 seconds 
========================================================================
Received Import Request.
  Time since last request: 63.664635 seconds.
  path: Assets/Landscape/Models/Bench.fbx
  artifactKey: Guid(30d872e7273ede5469e4fa7526c55130) Importer(815301076,1909f56bfc062723c751e8b465ee728b)
Start importing Assets/Landscape/Models/Bench.fbx using Guid(30d872e7273ede5469e4fa7526c55130) Importer(815301076,1909f56bfc062723c751e8b465ee728b)  -> (artifact id: '8c3faed6b5a89da605c3015cfaa3227e') in 0.190910 seconds 
========================================================================
Received Import Request.
  Time since last request: 0.000014 seconds.
  path: Assets/Landscape/Models/Flower_1.fbx
  artifactKey: Guid(66abc4e0dfcc6bf478424249b8cfa8cc) Importer(815301076,1909f56bfc062723c751e8b465ee728b)
Start importing Assets/Landscape/Models/Flower_1.fbx using Guid(66abc4e0dfcc6bf478424249b8cfa8cc) Importer(815301076,1909f56bfc062723c751e8b465ee728b)  -> (artifact id: '0046ee09812be72dcec0b6a4629730b8') in 0.019723 seconds 
========================================================================
Received Import Request.
  Time since last request: 0.000017 seconds.
  path: Assets/Landscape/Models/Stone_Path_EdgePiece2.fbx
  artifactKey: Guid(bbe04970bb9d1774aa834e9af4a60b38) Importer(815301076,1909f56bfc062723c751e8b465ee728b)
Start importing Assets/Landscape/Models/Stone_Path_EdgePiece2.fbx using Guid(bbe04970bb9d1774aa834e9af4a60b38) Importer(815301076,1909f56bfc062723c751e8b465ee728b)  -> (artifact id: '7a2d76918ea305db4f7c851e90a22bd5') in 0.024313 seconds 
========================================================================
Received Import Request.
  Time since last request: 0.000025 seconds.
  path: Assets/Landscape/Models/Stone_Path_TPart.fbx
  artifactKey: Guid(e677a06aa69708643808aa73b6e5ea44) Importer(815301076,1909f56bfc062723c751e8b465ee728b)
Start importing Assets/Landscape/Models/Stone_Path_TPart.fbx using Guid(e677a06aa69708643808aa73b6e5ea44) Importer(815301076,1909f56bfc062723c751e8b465ee728b)  -> (artifact id: '5a291373c3c44c048c86ee60d88f2f10') in 0.028343 seconds 
========================================================================
Received Import Request.
  Time since last request: 0.000014 seconds.
  path: Assets/Landscape/Models/Stone_Path_Bank.fbx
  artifactKey: Guid(8171e3b3272507049b22f3076cd1518f) Importer(815301076,1909f56bfc062723c751e8b465ee728b)
Start importing Assets/Landscape/Models/Stone_Path_Bank.fbx using Guid(8171e3b3272507049b22f3076cd1518f) Importer(815301076,1909f56bfc062723c751e8b465ee728b)  -> (artifact id: '452fe09b0cd004763ea7f8e1542dd1ce') in 0.020687 seconds 
========================================================================
Received Import Request.
  Time since last request: 0.000018 seconds.
  path: Assets/Landscape/Models/Stone2.fbx
  artifactKey: Guid(1714c95ef136a5548bd559835cad51e7) Importer(815301076,1909f56bfc062723c751e8b465ee728b)
Start importing Assets/Landscape/Models/Stone2.fbx using Guid(1714c95ef136a5548bd559835cad51e7) Importer(815301076,1909f56bfc062723c751e8b465ee728b)  -> (artifact id: '2d812e2ca24897070dc65acbf4a3ab20') in 0.020695 seconds 
========================================================================
Received Import Request.
  Time since last request: 0.000019 seconds.
  path: Assets/Landscape/Models/Cloud.fbx
  artifactKey: Guid(94c5b8c2b91db584f92d250c3ea40652) Importer(815301076,1909f56bfc062723c751e8b465ee728b)
Start importing Assets/Landscape/Models/Cloud.fbx using Guid(94c5b8c2b91db584f92d250c3ea40652) Importer(815301076,1909f56bfc062723c751e8b465ee728b)  -> (artifact id: '897152058424c08746f3f345c4179c38') in 0.024629 seconds 
========================================================================
Received Import Request.
  Time since last request: 0.000015 seconds.
  path: Assets/Landscape/Models/Stone_Path_Corner_Variant2.fbx
  artifactKey: Guid(3716645d558358a4cada25d98a98a88c) Importer(815301076,1909f56bfc062723c751e8b465ee728b)
Start importing Assets/Landscape/Models/Stone_Path_Corner_Variant2.fbx using Guid(3716645d558358a4cada25d98a98a88c) Importer(815301076,1909f56bfc062723c751e8b465ee728b)  -> (artifact id: 'd254c8a0cee26c1a0e6e0a5b0d1214fd') in 0.022471 seconds 
========================================================================
Received Import Request.
  Time since last request: 0.000017 seconds.
  path: Assets/Landscape/Models/Lantern.fbx
  artifactKey: Guid(bcc97604cd1444d439d9832cb2a7a778) Importer(815301076,1909f56bfc062723c751e8b465ee728b)
Start importing Assets/Landscape/Models/Lantern.fbx using Guid(bcc97604cd1444d439d9832cb2a7a778) Importer(815301076,1909f56bfc062723c751e8b465ee728b)  -> (artifact id: 'a23a266ea5713c1e3bf571bc927d1e7a') in 0.021091 seconds 
========================================================================
Received Import Request.
  Time since last request: 0.000015 seconds.
  path: Assets/Landscape/Models/Tree1.fbx
  artifactKey: Guid(c8d83c4330305284d998e89bf4b3ff32) Importer(815301076,1909f56bfc062723c751e8b465ee728b)
Start importing Assets/Landscape/Models/Tree1.fbx using Guid(c8d83c4330305284d998e89bf4b3ff32) Importer(815301076,1909f56bfc062723c751e8b465ee728b)  -> (artifact id: '75fb5bb4c2c9948486d4e48d2d7b790f') in 0.021298 seconds 
========================================================================
Received Import Request.
  Time since last request: 0.648575 seconds.
  path: Assets/Landscape/Prefab/Bench.prefab
  artifactKey: Guid(ed1dfd226a8bf2f418f812b254707036) Importer(815301076,1909f56bfc062723c751e8b465ee728b)
Start importing Assets/Landscape/Prefab/Bench.prefab using Guid(ed1dfd226a8bf2f418f812b254707036) Importer(815301076,1909f56bfc062723c751e8b465ee728b)  -> (artifact id: '78042922e9c34138b0abd541bc1669be') in 0.030452 seconds 
========================================================================
Received Import Request.
  Time since last request: 0.000017 seconds.
  path: Assets/Landscape/Prefab/Flower_1.prefab
  artifactKey: Guid(8d371c1d43d56e94b93bffa2f926a5f1) Importer(815301076,1909f56bfc062723c751e8b465ee728b)
Start importing Assets/Landscape/Prefab/Flower_1.prefab using Guid(8d371c1d43d56e94b93bffa2f926a5f1) Importer(815301076,1909f56bfc062723c751e8b465ee728b)  -> (artifact id: 'e553154e1559169326efcca895cf181a') in 0.012145 seconds 
========================================================================
Received Import Request.
  Time since last request: 0.000023 seconds.
  path: Assets/Landscape/Prefab/Stone_Path_Bank.prefab
  artifactKey: Guid(092aabb8628e09e46ab22ed75bd34723) Importer(815301076,1909f56bfc062723c751e8b465ee728b)
Start importing Assets/Landscape/Prefab/Stone_Path_Bank.prefab using Guid(092aabb8628e09e46ab22ed75bd34723) Importer(815301076,1909f56bfc062723c751e8b465ee728b)  -> (artifact id: '4ff8304f4839f2b1720c545fd2349d2c') in 0.011224 seconds 
========================================================================
Received Import Request.
  Time since last request: 0.000016 seconds.
  path: Assets/Landscape/Prefab/Grass_01.prefab
  artifactKey: Guid(b5ce2da01dc06ad42b537d328b606c13) Importer(815301076,1909f56bfc062723c751e8b465ee728b)
Start importing Assets/Landscape/Prefab/Grass_01.prefab using Guid(b5ce2da01dc06ad42b537d328b606c13) Importer(815301076,1909f56bfc062723c751e8b465ee728b)  -> (artifact id: 'd9c806df7e741829dd17f200e78eabea') in 0.010955 seconds 
========================================================================
Received Import Request.
  Time since last request: 0.000016 seconds.
  path: Assets/Landscape/Prefab/Tree1.prefab
  artifactKey: Guid(d0540a66e665f984eab241d84c8a9963) Importer(815301076,1909f56bfc062723c751e8b465ee728b)
Start importing Assets/Landscape/Prefab/Tree1.prefab using Guid(d0540a66e665f984eab241d84c8a9963) Importer(815301076,1909f56bfc062723c751e8b465ee728b)  -> (artifact id: 'ac8e5cc137ee66713df1b2f4d1f9c8fd') in 0.014821 seconds 
========================================================================
Received Import Request.
  Time since last request: 0.000018 seconds.
  path: Assets/Landscape/Prefab/Stone2.prefab
  artifactKey: Guid(79545157ec163ca42a69410e962f7c1b) Importer(815301076,1909f56bfc062723c751e8b465ee728b)
Start importing Assets/Landscape/Prefab/Stone2.prefab using Guid(79545157ec163ca42a69410e962f7c1b) Importer(815301076,1909f56bfc062723c751e8b465ee728b)  -> (artifact id: '9778e99e00ff5d999f4c46a92d1d97a8') in 0.013510 seconds 
========================================================================
Received Import Request.
  Time since last request: 0.000017 seconds.
  path: Assets/Landscape/Prefab/Stone_Path_TPart.prefab
  artifactKey: Guid(c5781e87846ceb645852c2040bdb020b) Importer(815301076,1909f56bfc062723c751e8b465ee728b)
Start importing Assets/Landscape/Prefab/Stone_Path_TPart.prefab using Guid(c5781e87846ceb645852c2040bdb020b) Importer(815301076,1909f56bfc062723c751e8b465ee728b)  -> (artifact id: 'eeb369604e30c9a9ff5bcaffe19a9dbb') in 0.015950 seconds 
========================================================================
Received Import Request.
  Time since last request: 0.000015 seconds.
  path: Assets/Landscape/Prefab/Flower_2.prefab
  artifactKey: Guid(28ad12c91132e2545a2852114dacba0d) Importer(815301076,1909f56bfc062723c751e8b465ee728b)
Start importing Assets/Landscape/Prefab/Flower_2.prefab using Guid(28ad12c91132e2545a2852114dacba0d) Importer(815301076,1909f56bfc062723c751e8b465ee728b)  -> (artifact id: '4083a9dd5b0bf70437ff34e90c0e86fb') in 0.016341 seconds 
========================================================================
Received Import Request.
  Time since last request: 0.000016 seconds.
  path: Assets/Landscape/Prefab/Cloud.prefab
  artifactKey: Guid(167eea3bc677b924a931082264cd3fbb) Importer(815301076,1909f56bfc062723c751e8b465ee728b)
Start importing Assets/Landscape/Prefab/Cloud.prefab using Guid(167eea3bc677b924a931082264cd3fbb) Importer(815301076,1909f56bfc062723c751e8b465ee728b)  -> (artifact id: '21647b8577e7b65acb6fb1f6136b4c0a') in 0.013350 seconds 
========================================================================
Received Import Request.
  Time since last request: 0.000015 seconds.
  path: Assets/Landscape/Prefab/Lantern.prefab
  artifactKey: Guid(f048ecd1c9e056542b4c3d5762043fe6) Importer(815301076,1909f56bfc062723c751e8b465ee728b)
Start importing Assets/Landscape/Prefab/Lantern.prefab using Guid(f048ecd1c9e056542b4c3d5762043fe6) Importer(815301076,1909f56bfc062723c751e8b465ee728b)  -> (artifact id: 'b21f062fe31ad7ce7fe086e37d01f9df') in 0.013140 seconds 
Editor requested this worker to shutdown with reason: Scaling down because of idle timeout
AssetImportWorker is now disconnected from the server
Process exiting
Exiting without the bug reporter. Application will terminate with return code 0